<?xml version="1.0" encoding="UTF-8"?>
<!-- Generated by org.testng.reporters.JUnitReportReporter -->
<testsuite hostname="SRI" failures="0" tests="1" name="Scripts.TestCase1" time="17.531" errors="0" timestamp="2023-10-13T14:06:05 IST" skipped="0">
  <testcase classname="Scripts.TestCase1" name="tc1" time="17.531"/>
</testsuite> <!-- Scripts.TestCase1 -->
