<?xml version="1.0" encoding="UTF-8"?>
<!-- Generated by org.testng.reporters.JUnitReportReporter -->
<testsuite hostname="SRI" failures="0" tests="1" name="Scripts.TestCase2" time="10.122" errors="0" timestamp="2023-10-12T13:57:24 IST" skipped="0">
  <testcase classname="Scripts.TestCase2" name="tc2" time="10.122"/>
</testsuite> <!-- Scripts.TestCase2 -->
