<?xml version="1.0" encoding="UTF-8"?>
<!-- Generated by org.testng.reporters.JUnitReportReporter -->
<testsuite hostname="SRI" failures="0" tests="1" name="Scripts.TestCase1" time="15.055" errors="0" timestamp="2023-10-12T13:56:44 IST" skipped="0">
  <testcase classname="Scripts.TestCase1" name="tc1" time="15.055"/>
</testsuite> <!-- Scripts.TestCase1 -->
